

*******************************************************************************
Fri Jan 23 15:42:38 2015


FIT:    data read from 'gs1.dat'
        format = z
        #datapoints = 6
        residuals are weighted equally (unit weight)

function used for fitting: f(x)
fitted parameters initialized with current variable values



*******************************************************************************
Fri Jan 23 15:42:50 2015


FIT:    data read from 'gs1.dat'
        format = z
        #datapoints = 6
        residuals are weighted equally (unit weight)

function used for fitting: f(x)
fitted parameters initialized with current variable values



 Iteration 0
 WSSR        : 482.238           delta(WSSR)/WSSR   : 0
 delta(WSSR) : 0                 limit for stopping : 1e-05
 lambda	  : 8.96728

initial set of free parameter values

a               = 1

After 4 iterations the fit converged.
final sum of squares of residuals : 3.26472e-05
rel. change during last iteration : -2.31821e-10

degrees of freedom    (FIT_NDF)                        : 5
rms of residuals      (FIT_STDFIT) = sqrt(WSSR/ndf)    : 0.00255528
variance of residuals (reduced chisquare) = WSSR/ndf   : 6.52944e-06

Final set of parameters            Asymptotic Standard Error
=======================            ==========================

a               = 0.000243825      +/- 0.0001163    (47.71%)


correlation matrix of the fit parameters:

               a      
a               1.000 


*******************************************************************************
Fri Jan 23 15:45:26 2015


FIT:    data read from 'gs1.dat'
        format = z
        #datapoints = 6
        residuals are weighted equally (unit weight)

function used for fitting: f(x)
fitted parameters initialized with current variable values



 Iteration 0
 WSSR        : 60047.5           delta(WSSR)/WSSR   : 0
 delta(WSSR) : 0                 limit for stopping : 1e-05
 lambda	  : 410305

initial set of free parameter values

a               = 0.000243825

After 5 iterations the fit converged.
final sum of squares of residuals : 4.46444e-10
rel. change during last iteration : -4.16884e-15

degrees of freedom    (FIT_NDF)                        : 5
rms of residuals      (FIT_STDFIT) = sqrt(WSSR/ndf)    : 9.44928e-06
variance of residuals (reduced chisquare) = WSSR/ndf   : 8.92889e-11

Final set of parameters            Asymptotic Standard Error
=======================            ==========================

a               = 7.7921e-09       +/- 9.402e-12    (0.1207%)


correlation matrix of the fit parameters:

               a      
a               1.000 


*******************************************************************************
Fri Jan 23 16:08:05 2015


FIT:    data read from 'gs1.dat'
        format = z
        #datapoints = 6
        residuals are weighted equally (unit weight)

function used for fitting: f(x)
fitted parameters initialized with current variable values



 Iteration 0
 WSSR        : 1.0101e+12        delta(WSSR)/WSSR   : 0
 delta(WSSR) : 0                 limit for stopping : 1e-05
 lambda	  : 410305

initial set of free parameter values

a               = 1

After 5 iterations the fit converged.
final sum of squares of residuals : 4.46444e-10
rel. change during last iteration : -9.86352e-10

degrees of freedom    (FIT_NDF)                        : 5
rms of residuals      (FIT_STDFIT) = sqrt(WSSR/ndf)    : 9.44928e-06
variance of residuals (reduced chisquare) = WSSR/ndf   : 8.92889e-11

Final set of parameters            Asymptotic Standard Error
=======================            ==========================

a               = 7.7921e-09       +/- 9.402e-12    (0.1207%)


correlation matrix of the fit parameters:

               a      
a               1.000 


*******************************************************************************
Fri Jan 23 16:10:00 2015


FIT:    data read from 'set.dat'
        format = z
        #datapoints = 6
        residuals are weighted equally (unit weight)

function used for fitting: g(y)
fitted parameters initialized with current variable values

BREAK:          Undefined value during function evaluation



*******************************************************************************
Fri Jan 23 16:10:40 2015


FIT:    data read from 'set.dat'
        format = z
        #datapoints = 6
        residuals are weighted equally (unit weight)

function used for fitting: g(y)
fitted parameters initialized with current variable values

BREAK:          Undefined value during function evaluation



*******************************************************************************
Fri Jan 23 16:11:16 2015


FIT:    data read from 'set.dat'
        format = z
        #datapoints = 6
        residuals are weighted equally (unit weight)

function used for fitting: g(x)
fitted parameters initialized with current variable values



 Iteration 0
 WSSR        : 482.437           delta(WSSR)/WSSR   : 0
 delta(WSSR) : 0                 limit for stopping : 1e-05
 lambda	  : 8.96728

initial set of free parameter values

b               = 1

After 4 iterations the fit converged.
final sum of squares of residuals : 3.36173e-07
rel. change during last iteration : -2.25225e-08

degrees of freedom    (FIT_NDF)                        : 5
rms of residuals      (FIT_STDFIT) = sqrt(WSSR/ndf)    : 0.000259296
variance of residuals (reduced chisquare) = WSSR/ndf   : 6.72345e-08

Final set of parameters            Asymptotic Standard Error
=======================            ==========================

b               = 3.69866e-05      +/- 1.18e-05     (31.92%)


correlation matrix of the fit parameters:

               b      
b               1.000 


*******************************************************************************
Fri Jan 23 16:12:20 2015


FIT:    data read from 'set.dat'
        format = z
        #datapoints = 6
        residuals are weighted equally (unit weight)

function used for fitting: h(x)
fitted parameters initialized with current variable values



 Iteration 0
 WSSR        : 482.437           delta(WSSR)/WSSR   : 0
 delta(WSSR) : 0                 limit for stopping : 1e-05
 lambda	  : 8.96728

initial set of free parameter values

c               = 1

After 4 iterations the fit converged.
final sum of squares of residuals : 3.36173e-07
rel. change during last iteration : -2.25225e-08

degrees of freedom    (FIT_NDF)                        : 5
rms of residuals      (FIT_STDFIT) = sqrt(WSSR/ndf)    : 0.000259296
variance of residuals (reduced chisquare) = WSSR/ndf   : 6.72345e-08

Final set of parameters            Asymptotic Standard Error
=======================            ==========================

c               = 3.69866e-05      +/- 1.18e-05     (31.92%)


correlation matrix of the fit parameters:

               c      
c               1.000 
