

*******************************************************************************
Fri Jan 23 16:35:47 2015


FIT:    data read from 'gs1.dat'
        format = z
        #datapoints = 6
        residuals are weighted equally (unit weight)

function used for fitting: f(x)
fitted parameters initialized with current variable values



 Iteration 0
 WSSR        : 1.0101e+12        delta(WSSR)/WSSR   : 0
 delta(WSSR) : 0                 limit for stopping : 1e-05
 lambda	  : 410305

initial set of free parameter values

a               = 1

After 5 iterations the fit converged.
final sum of squares of residuals : 1.60883e-07
rel. change during last iteration : -2.73758e-12

degrees of freedom    (FIT_NDF)                        : 5
rms of residuals      (FIT_STDFIT) = sqrt(WSSR/ndf)    : 0.000179378
variance of residuals (reduced chisquare) = WSSR/ndf   : 3.21766e-08

Final set of parameters            Asymptotic Standard Error
=======================            ==========================

a               = 3.77099e-08      +/- 1.785e-10    (0.4733%)


correlation matrix of the fit parameters:

               a      
a               1.000 


*******************************************************************************
Fri Jan 23 16:35:59 2015


FIT:    data read from 'set.dat'
        format = z
        #datapoints = 6
        residuals are weighted equally (unit weight)

function used for fitting: g(x)
fitted parameters initialized with current variable values



 Iteration 0
 WSSR        : 482.36            delta(WSSR)/WSSR   : 0
 delta(WSSR) : 0                 limit for stopping : 1e-05
 lambda	  : 8.96728

initial set of free parameter values

b               = 1

After 4 iterations the fit converged.
final sum of squares of residuals : 7.1324e-06
rel. change during last iteration : -1.06139e-09

degrees of freedom    (FIT_NDF)                        : 5
rms of residuals      (FIT_STDFIT) = sqrt(WSSR/ndf)    : 0.00119435
variance of residuals (reduced chisquare) = WSSR/ndf   : 1.42648e-06

Final set of parameters            Asymptotic Standard Error
=======================            ==========================

b               = 0.000116353      +/- 5.437e-05    (46.73%)


correlation matrix of the fit parameters:

               b      
b               1.000 


*******************************************************************************
Fri Jan 23 16:36:04 2015


FIT:    data read from 'set.dat'
        format = z
        #datapoints = 6
        residuals are weighted equally (unit weight)

function used for fitting: h(x)
fitted parameters initialized with current variable values



 Iteration 0
 WSSR        : 482.36            delta(WSSR)/WSSR   : 0
 delta(WSSR) : 0                 limit for stopping : 1e-05
 lambda	  : 8.96728

initial set of free parameter values

c               = 1

After 4 iterations the fit converged.
final sum of squares of residuals : 7.1324e-06
rel. change during last iteration : -1.06139e-09

degrees of freedom    (FIT_NDF)                        : 5
rms of residuals      (FIT_STDFIT) = sqrt(WSSR/ndf)    : 0.00119435
variance of residuals (reduced chisquare) = WSSR/ndf   : 1.42648e-06

Final set of parameters            Asymptotic Standard Error
=======================            ==========================

c               = 0.000116353      +/- 5.437e-05    (46.73%)


correlation matrix of the fit parameters:

               c      
c               1.000 
